<?xml version='1.0' encoding='utf-8'?>
<testsuites>
  <testsuite name="t/00_compile.t" errors="0" failures="0" skipped="0" tests="1" time="0.0875141620635986">
    <system-out>ok 1 - use Example;
1..1
</system-out>
    <testcase name="use Example;" classname="t/00_compile.t" time="0.085529088973999" />
  </testsuite>
  <testsuite name="t/math/01_math.t" errors="0" failures="0" skipped="0" tests="3" time="0.0914618968963623">
    <system-out>ok 1 - add(1, 2) == 3
# Subtest: add
    ok 1 - 1 + 2
    ok 2 - 3 + 4
    1..2
ok 2 - add
# Subtest: double
    ok 1 - 1 + 2
    ok 2 - 3 + 2
    1..2
ok 3 - double
1..3
</system-out>
    <testcase name="add(1, 2) == 3" classname="t/math/01_math.t" time="0.0845558643341064" />
    <testcase name="add" classname="t/math/01_math.t" time="0.000680923461914062" />
    <testcase name="double" classname="t/math/01_math.t" time="0.000181913375854492" />
  </testsuite>
  <testsuite name="t/easy/01_easy.t" errors="0" failures="0" skipped="0" tests="2" time="0.166805028915405">
    <system-out>ok 1 - a + b = ab
ok 2 - str_concat {
    ok 1 - a + dddd
    ok 2 - bb + ccc
    1..2
}
1..2
</system-out>
    <testcase name="a + b = ab" classname="t/easy/01_easy.t" time="0.16395092010498" />
    <testcase name="str_concat {" classname="t/easy/01_easy.t" time="0.00045323371887207" />
  </testsuite>
</testsuites>
